{
  "RSpec": {
    "coverage": {
      "/Users/stephenwentling/Desktop/Desktop_Stephens_iMac/projects/kinney_board/spec/controllers/comment_controller_spec.rb": [
        1,
        1,
        null,
        1,
        1,
        1,
        1,
        1,
        1,
        null,
        null,
        1,
        1,
        2,
        null,
        null,
        null,
        null
      ],
      "/Users/stephenwentling/Desktop/Desktop_Stephens_iMac/projects/kinney_board/spec/rails_helper.rb": [
        null,
        1,
        1,
        null,
        1,
        1,
        1,
        null,
        1,
        null,
        null,
        null,
        null,
        null,
        null,
        null,
        null,
        null,
        null,
        null,
        null,
        null,
        null,
        null,
        null,
        null,
        null,
        null,
        1,
        null,
        1,
        null,
        1,
        1,
        1,
        null,
        null,
        null,
        null,
        1,
        null,
        null,
        null,
        null,
        null,
        null,
        null,
        null,
        null,
        null,
        null,
        null,
        null,
        null,
        1,
        null,
        null,
        1,
        null,
        null,
        null
      ],
      "/Users/stephenwentling/Desktop/Desktop_Stephens_iMac/projects/kinney_board/config/environment.rb": [
        null,
        1,
        null,
        null,
        1
      ],
      "/Users/stephenwentling/Desktop/Desktop_Stephens_iMac/projects/kinney_board/config/application.rb": [
        1,
        null,
        1,
        null,
        null,
        null,
        1,
        null,
        1,
        1,
        null,
        null,
        null,
        null,
        null,
        null,
        null,
        null,
        null,
        null,
        null,
        null,
        null,
        1,
        null,
        null
      ],
      "/Users/stephenwentling/Desktop/Desktop_Stephens_iMac/projects/kinney_board/config/boot.rb": [
        1,
        null,
        1
      ],
      "/Users/stephenwentling/Desktop/Desktop_Stephens_iMac/projects/kinney_board/config/environments/test.rb": [
        1,
        null,
        null,
        null,
        null,
        null,
        null,
        1,
        null,
        null,
        null,
        null,
        1,
        null,
        null,
        1,
        1,
        null,
        null,
        1,
        1,
        null,
        null,
        1,
        null,
        null,
        1,
        null,
        null,
        null,
        null,
        1,
        null,
        null,
        1,
        null,
        null,
        1,
        null,
        null,
        null,
        null
      ],
      "/Users/stephenwentling/Desktop/Desktop_Stephens_iMac/projects/kinney_board/config/initializers/assets.rb": [
        null,
        null,
        null,
        1,
        null,
        null,
        null,
        null,
        null,
        null,
        null
      ],
      "/Users/stephenwentling/Desktop/Desktop_Stephens_iMac/projects/kinney_board/config/initializers/backtrace_silencers.rb": [
        null,
        null,
        null,
        null,
        null,
        null,
        null
      ],
      "/Users/stephenwentling/Desktop/Desktop_Stephens_iMac/projects/kinney_board/config/initializers/cookies_serializer.rb": [
        null,
        null,
        1
      ],
      "/Users/stephenwentling/Desktop/Desktop_Stephens_iMac/projects/kinney_board/config/initializers/devise.rb": [
        null,
        null,
        1,
        null,
        null,
        null,
        null,
        null,
        null,
        null,
        null,
        null,
        null,
        null,
        1,
        null,
        null,
        null,
        null,
        null,
        null,
        null,
        null,
        null,
        null,
        null,
        1,
        null,
        null,
        null,
        null,
        null,
        null,
        null,
        null,
        null,
        null,
        null,
        null,
        null,
        null,
        null,
        null,
        null,
        null,
        null,
        null,
        null,
        1,
        null,
        null,
        null,
        null,
        1,
        null,
        null,
        null,
        null,
        null,
        null,
        null,
        null,
        null,
        null,
        null,
        null,
        null,
        null,
        null,
        null,
        null,
        null,
        null,
        null,
        null,
        null,
        null,
        null,
        null,
        null,
        null,
        null,
        null,
        null,
        1,
        null,
        null,
        null,
        null,
        null,
        null,
        null,
        null,
        null,
        null,
        null,
        null,
        null,
        null,
        null,
        null,
        null,
        null,
        null,
        null,
        null,
        null,
        1,
        null,
        null,
        null,
        null,
        null,
        null,
        null,
        null,
        null,
        null,
        null,
        null,
        null,
        null,
        null,
        null,
        null,
        null,
        null,
        null,
        null,
        null,
        null,
        null,
        null,
        null,
        null,
        null,
        null,
        null,
        1,
        null,
        null,
        null,
        null,
        null,
        null,
        null,
        null,
        null,
        1,
        null,
        null,
        null,
        null,
        null,
        null,
        null,
        null,
        null,
        null,
        1,
        null,
        null,
        null,
        null,
        1,
        null,
        null,
        null,
        null,
        null,
        null,
        null,
        null,
        null,
        null,
        null,
        null,
        null,
        null,
        null,
        null,
        null,
        null,
        null,
        null,
        null,
        null,
        null,
        null,
        null,
        null,
        null,
        null,
        null,
        null,
        null,
        null,
        null,
        null,
        null,
        null,
        null,
        null,
        null,
        null,
        1,
        null,
        null,
        null,
        null,
        null,
        null,
        null,
        null,
        null,
        null,
        null,
        null,
        null,
        null,
        null,
        null,
        null,
        null,
        null,
        null,
        null,
        null,
        null,
        null,
        null,
        null,
        null,
        null,
        null,
        null,
        null,
        null,
        null,
        null,
        null,
        null,
        null,
        null,
        null,
        null,
        null,
        1,
        null,
        null,
        null,
        null,
        null,
        null,
        null,
        null,
        null,
        null,
        null,
        null,
        null,
        null,
        null,
        null,
        null,
        null,
        null,
        null,
        null,
        null,
        null,
        null,
        null,
        null,
        null,
        null,
        null
      ],
      "/Users/stephenwentling/Desktop/Desktop_Stephens_iMac/projects/kinney_board/config/initializers/filter_parameter_logging.rb": [
        null,
        null,
        null,
        1
      ],
      "/Users/stephenwentling/Desktop/Desktop_Stephens_iMac/projects/kinney_board/config/initializers/inflections.rb": [
        null,
        null,
        null,
        null,
        null,
        null,
        null,
        null,
        null,
        null,
        null,
        null,
        null,
        null,
        null,
        null
      ],
      "/Users/stephenwentling/Desktop/Desktop_Stephens_iMac/projects/kinney_board/config/initializers/mime_types.rb": [
        null,
        null,
        null,
        null
      ],
      "/Users/stephenwentling/Desktop/Desktop_Stephens_iMac/projects/kinney_board/config/initializers/session_store.rb": [
        null,
        null,
        1
      ],
      "/Users/stephenwentling/Desktop/Desktop_Stephens_iMac/projects/kinney_board/config/initializers/wrap_parameters.rb": [
        null,
        null,
        null,
        null,
        null,
        null,
        1,
        1,
        null,
        null,
        null,
        null,
        null,
        null
      ],
      "/Users/stephenwentling/Desktop/Desktop_Stephens_iMac/projects/kinney_board/spec/factories/comments.rb": [
        1,
        1,
        1,
        1,
        1,
        1,
        1,
        null,
        null
      ],
      "/Users/stephenwentling/Desktop/Desktop_Stephens_iMac/projects/kinney_board/spec/factories/posts.rb": [
        1,
        1,
        1,
        1,
        1,
        null,
        null
      ],
      "/Users/stephenwentling/Desktop/Desktop_Stephens_iMac/projects/kinney_board/spec/factories/users.rb": [
        1,
        1,
        1,
        1,
        1,
        1,
        1,
        null,
        null
      ],
      "/Users/stephenwentling/Desktop/Desktop_Stephens_iMac/projects/kinney_board/config/routes.rb": [
        1,
        1,
        1,
        1,
        1,
        null,
        null
      ],
      "/Users/stephenwentling/Desktop/Desktop_Stephens_iMac/projects/kinney_board/app/models/user.rb": [
        1,
        1,
        1,
        null,
        null,
        1,
        null,
        null
      ],
      "/Users/stephenwentling/Desktop/Desktop_Stephens_iMac/projects/kinney_board/app/helpers/application_helper.rb": [
        1,
        null
      ],
      "/Users/stephenwentling/Desktop/Desktop_Stephens_iMac/projects/kinney_board/app/controllers/comments_controller.rb": [
        1,
        null,
        1,
        1,
        1,
        1,
        null,
        1,
        1,
        1,
        null,
        0,
        null,
        null,
        null,
        1,
        null,
        1,
        1,
        null,
        null
      ],
      "/Users/stephenwentling/Desktop/Desktop_Stephens_iMac/projects/kinney_board/app/controllers/application_controller.rb": [
        1,
        null,
        null,
        1,
        1,
        null
      ],
      "/Users/stephenwentling/Desktop/Desktop_Stephens_iMac/projects/kinney_board/spec/controllers/post_controller_spec.rb": [
        1,
        1,
        null,
        1,
        1,
        1,
        3,
        3,
        null,
        null,
        1,
        1,
        1,
        1,
        null,
        1,
        1,
        1,
        null,
        null,
        null,
        1,
        1,
        2,
        null,
        null,
        null,
        null
      ],
      "/Users/stephenwentling/Desktop/Desktop_Stephens_iMac/projects/kinney_board/app/controllers/posts_controller.rb": [
        1,
        1,
        0,
        null,
        null,
        1,
        0,
        null,
        null,
        1,
        2,
        null,
        null,
        1,
        1,
        1,
        null,
        1,
        1,
        1,
        null,
        0,
        0,
        null,
        null,
        null,
        1,
        null,
        1,
        1,
        null,
        null,
        null
      ],
      "/Users/stephenwentling/Desktop/Desktop_Stephens_iMac/projects/kinney_board/spec/controllers/welcome_controller_spec.rb": [
        1,
        1,
        null,
        1,
        null,
        1,
        1,
        1,
        1,
        null,
        null,
        null
      ],
      "/Users/stephenwentling/Desktop/Desktop_Stephens_iMac/projects/kinney_board/app/controllers/welcome_controller.rb": [
        1,
        1,
        1,
        null,
        null,
        null
      ],
      "/Users/stephenwentling/Desktop/Desktop_Stephens_iMac/projects/kinney_board/spec/models/comment_spec.rb": [
        1,
        null,
        1,
        null,
        1,
        4,
        4,
        4,
        null,
        null,
        1,
        1,
        1,
        null,
        1,
        1,
        null,
        null,
        null,
        1,
        1,
        1,
        null,
        1,
        1,
        null,
        null,
        null
      ],
      "/Users/stephenwentling/Desktop/Desktop_Stephens_iMac/projects/kinney_board/app/models/comment.rb": [
        1,
        12,
        null,
        1,
        1,
        null,
        1,
        1,
        1,
        null
      ],
      "/Users/stephenwentling/Desktop/Desktop_Stephens_iMac/projects/kinney_board/spec/models/post_spec.rb": [
        1,
        null,
        1,
        1,
        4,
        4,
        null,
        1,
        1,
        1,
        null,
        1,
        1,
        null,
        null,
        null,
        1,
        1,
        1,
        null,
        null,
        1,
        1,
        null,
        null,
        null
      ],
      "/Users/stephenwentling/Desktop/Desktop_Stephens_iMac/projects/kinney_board/app/models/post.rb": [
        1,
        1,
        1,
        18,
        null,
        1,
        1,
        1,
        null
      ],
      "/Users/stephenwentling/Desktop/Desktop_Stephens_iMac/projects/kinney_board/spec/models/user_spec.rb": [
        1,
        1,
        null,
        1,
        null,
        1,
        1,
        2,
        null,
        1,
        1,
        null,
        1,
        1,
        null,
        null,
        null,
        null
      ]
    },
    "timestamp": 1491688531
  }
}
